<?xml version="1.0" encoding="UTF-8"?>
<!-- Generated by org.testng.reporters.JUnitReportReporter -->
<testsuite skipped="0" hostname="Hi-PC" name="SeleniumProgram.DropDown" tests="1" failures="0" timestamp="04 May 2021 04:05:29 GMT" time="18.080" errors="0">
  <testcase name="handlingDropdown" time="18.080" classname="SeleniumProgram.DropDown"/>
</testsuite> <!-- SeleniumProgram.DropDown -->
