<?xml version="1.0" encoding="UTF-8"?>
<!-- Generated by org.testng.reporters.JUnitReportReporter -->
<testsuite skipped="0" hostname="Hi-PC" name="SeleniumProgram.NavigationCommand" tests="1" failures="0" timestamp="04 May 2021 04:21:00 GMT" time="20.347" errors="0">
  <testcase name="navigationCommand" time="20.347" classname="SeleniumProgram.NavigationCommand"/>
</testsuite> <!-- SeleniumProgram.NavigationCommand -->
