<?xml version="1.0" encoding="UTF-8"?>
<!-- Generated by org.testng.reporters.JUnitReportReporter -->
<testsuite skipped="0" hostname="Hi-PC" name="Demo.ListCompare" tests="1" failures="0" timestamp="04 May 2021 02:49:13 GMT" time="0.016" errors="0">
  <testcase name="main" time="0.016" classname="Demo.ListCompare"/>
</testsuite> <!-- Demo.ListCompare -->
