<?xml version="1.0" encoding="UTF-8"?>
<!-- Generated by org.testng.reporters.JUnitReportReporter -->
<testsuite skipped="0" hostname="Hi-PC" name="SeleniumProgram.HowmanyDropDown" tests="1" failures="0" timestamp="05 May 2021 01:53:54 GMT" time="32.343" errors="0">
  <testcase name="numofDropdown" time="32.343" classname="SeleniumProgram.HowmanyDropDown"/>
</testsuite> <!-- SeleniumProgram.HowmanyDropDown -->
