<?xml version="1.0" encoding="UTF-8"?>
<!-- Generated by org.testng.reporters.JUnitReportReporter -->
<testsuite skipped="0" hostname="Hi-PC" name="SeleniumProgram.AlertHandling" tests="1" failures="0" timestamp="04 May 2021 04:00:05 GMT" time="16.749" errors="0">
  <testcase name="handlingAlerts" time="16.749" classname="SeleniumProgram.AlertHandling"/>
</testsuite> <!-- SeleniumProgram.AlertHandling -->
