<?xml version="1.0" encoding="UTF-8"?>
<!-- Generated by org.testng.reporters.JUnitReportReporter -->
<testsuite skipped="6" hostname="Hi-PC" name="SeleniumProgram.InteractionCmd" tests="7" failures="0" timestamp="10 May 2021 03:31:37 GMT" time="13.943" errors="0">
  <testcase name="handlingTable" time="13.943" classname="SeleniumProgram.InteractionCmd"/>
  <testcase name="dragdrop" classname="SeleniumProgram.InteractionCmd">
    <skipped/>
  </testcase> <!-- dragdrop -->
  <testcase name="mouseOver" classname="SeleniumProgram.InteractionCmd">
    <skipped/>
  </testcase> <!-- mouseOver -->
  <testcase name="doubleClick" classname="SeleniumProgram.InteractionCmd">
    <skipped/>
  </testcase> <!-- doubleClick -->
  <testcase name="rightClk" classname="SeleniumProgram.InteractionCmd">
    <skipped/>
  </testcase> <!-- rightClk -->
  <testcase name="dragAndDropByOffset" classname="SeleniumProgram.InteractionCmd">
    <skipped/>
  </testcase> <!-- dragAndDropByOffset -->
  <testcase name="mainItem2HW" classname="SeleniumProgram.InteractionCmd">
    <skipped/>
  </testcase> <!-- mainItem2HW -->
</testsuite> <!-- SeleniumProgram.InteractionCmd -->
