<?xml version="1.0" encoding="UTF-8"?>
<!-- Generated by org.testng.reporters.JUnitReportReporter -->
<testsuite skipped="0" hostname="Hi-PC" name="SeleniumProgram.HandleFrame" tests="1" failures="0" timestamp="05 May 2021 02:34:28 GMT" time="17.956" errors="0">
  <testcase name="handlingFrames" time="17.956" classname="SeleniumProgram.HandleFrame"/>
</testsuite> <!-- SeleniumProgram.HandleFrame -->
