<?xml version="1.0" encoding="UTF-8"?>
<!-- Generated by org.testng.reporters.JUnitReportReporter -->
<testsuite skipped="2" hostname="Hi-PC" name="Demo.TypesAlertHandle" tests="3" failures="0" timestamp="04 May 2021 04:43:01 GMT" time="20.288" errors="0">
  <testcase name="promptAlert" time="20.288" classname="Demo.TypesAlertHandle"/>
  <testcase name="confirmationAlert" classname="Demo.TypesAlertHandle">
    <skipped/>
  </testcase> <!-- confirmationAlert -->
  <testcase name="simpleAlert" classname="Demo.TypesAlertHandle">
    <skipped/>
  </testcase> <!-- simpleAlert -->
</testsuite> <!-- Demo.TypesAlertHandle -->
