<?xml version="1.0" encoding="UTF-8"?>
<!-- Generated by org.testng.reporters.JUnitReportReporter -->
<testsuite skipped="0" hostname="Hi-PC" name="Demo.NewTest" tests="1" failures="0" timestamp="04 May 2021 02:35:42 GMT" time="0.015" errors="0">
  <testcase name="f" time="0.015" classname="Demo.NewTest"/>
</testsuite> <!-- Demo.NewTest -->
