<?xml version="1.0" encoding="UTF-8"?>
<!-- Generated by org.testng.reporters.JUnitReportReporter -->
<testsuite skipped="7" hostname="Hi-PC" name="SeleniumProgram.TableHandle" tests="8" failures="0" timestamp="25 May 2021 01:49:15 GMT" time="77.270" errors="0">
  <testcase name="contactdisplay" time="77.270" classname="SeleniumProgram.TableHandle"/>
  <testcase name="handleTableHWrow5" classname="SeleniumProgram.TableHandle">
    <skipped/>
  </testcase> <!-- handleTableHWrow5 -->
  <testcase name="handlingTable" classname="SeleniumProgram.TableHandle">
    <skipped/>
  </testcase> <!-- handlingTable -->
  <testcase name="robotClass" classname="SeleniumProgram.TableHandle">
    <skipped/>
  </testcase> <!-- robotClass -->
  <testcase name="handleTableHWrow" classname="SeleniumProgram.TableHandle">
    <skipped/>
  </testcase> <!-- handleTableHWrow -->
  <testcase name="javaScriptExecut" classname="SeleniumProgram.TableHandle">
    <skipped/>
  </testcase> <!-- javaScriptExecut -->
  <testcase name="handleTableHW" classname="SeleniumProgram.TableHandle">
    <skipped/>
  </testcase> <!-- handleTableHW -->
  <testcase name="scroll" classname="SeleniumProgram.TableHandle">
    <skipped/>
  </testcase> <!-- scroll -->
</testsuite> <!-- SeleniumProgram.TableHandle -->
