<?xml version="1.0" encoding="UTF-8"?>
<!-- Generated by org.testng.reporters.JUnitReportReporter -->
<testsuite skipped="0" hostname="Hi-PC" name="SeleniumProgram.DropDownHW" tests="1" failures="0" timestamp="04 May 2021 04:08:15 GMT" time="17.514" errors="0">
  <testcase name="DropdownHandle" time="17.514" classname="SeleniumProgram.DropDownHW"/>
</testsuite> <!-- SeleniumProgram.DropDownHW -->
