<?xml version="1.0" encoding="UTF-8"?>
<!-- Generated by org.testng.reporters.JUnitReportReporter -->
<testsuite skipped="0" hostname="Hi-PC" name="SeleniumProgram.TestNgBasics" tests="3" failures="0" timestamp="13 May 2021 03:12:32 GMT" time="0.038" errors="0">
  <testcase name="verifyLogin" time="0.034" classname="SeleniumProgram.TestNgBasics"/>
  <testcase name="verifyTitle" time="0.001" classname="SeleniumProgram.TestNgBasics"/>
  <testcase name="verifyDropdown" time="0.003" classname="SeleniumProgram.TestNgBasics"/>
</testsuite> <!-- SeleniumProgram.TestNgBasics -->
