<?xml version="1.0" encoding="UTF-8"?>
<!-- Generated by org.testng.reporters.JUnitReportReporter -->
<testsuite skipped="0" hostname="Hi-PC" name="SeleniumProgram.Upload" tests="1" failures="0" timestamp="04 May 2021 04:23:01 GMT" time="19.348" errors="0">
  <testcase name="methodUpload" time="19.348" classname="SeleniumProgram.Upload"/>
</testsuite> <!-- SeleniumProgram.Upload -->
