<?xml version="1.0" encoding="UTF-8"?>
<!-- Generated by org.testng.reporters.JUnitReportReporter -->
<testsuite skipped="2" hostname="Hi-PC" name="SeleniumProgram.ToolsQAhw" tests="3" failures="0" timestamp="04 May 2021 03:56:28 GMT" time="20.166" errors="0">
  <testcase name="newWMessage" time="20.166" classname="SeleniumProgram.ToolsQAhw"/>
  <testcase name="newTab" classname="SeleniumProgram.ToolsQAhw">
    <skipped/>
  </testcase> <!-- newTab -->
  <testcase name="newWindow" classname="SeleniumProgram.ToolsQAhw">
    <skipped/>
  </testcase> <!-- newWindow -->
</testsuite> <!-- SeleniumProgram.ToolsQAhw -->
