<?xml version="1.0" encoding="UTF-8"?>
<!-- Generated by org.testng.reporters.JUnitReportReporter -->
<testsuite skipped="0" hostname="Hi-PC" name="SeleniumProgram.HandlingWindow" tests="1" failures="0" timestamp="04 May 2021 04:25:38 GMT" time="21.722" errors="0">
  <testcase name="windowHandle" time="21.722" classname="SeleniumProgram.HandlingWindow"/>
</testsuite> <!-- SeleniumProgram.HandlingWindow -->
